2018-12-20 08:26:06.505 [restartedMain] INFO  cn.tgw.TgwApplication -Starting TgwApplication on DESKTOP-NR810TO with PID 16948 (D:\Java\ideaworkspace\TGW\target\classes started by TjSanshao in D:\Java\ideaworkspace\TGW)
2018-12-20 08:26:06.509 [restartedMain] INFO  cn.tgw.TgwApplication -No active profile set, falling back to default profiles: default
2018-12-20 08:26:21.711 [restartedMain] INFO  cn.tgw.TgwApplication -Started TgwApplication in 16.383 seconds (JVM running for 17.548)
2018-12-20 08:28:42.150 [restartedMain] INFO  cn.tgw.TgwApplication -Starting TgwApplication on DESKTOP-NR810TO with PID 16948 (D:\Java\ideaworkspace\TGW\target\classes started by TjSanshao in D:\Java\ideaworkspace\TGW)
2018-12-20 08:28:42.153 [restartedMain] INFO  cn.tgw.TgwApplication -No active profile set, falling back to default profiles: default
2018-12-20 08:28:48.435 [restartedMain] INFO  cn.tgw.TgwApplication -Started TgwApplication in 6.346 seconds (JVM running for 164.271)
2018-12-20 08:29:42.389 [restartedMain] INFO  cn.tgw.TgwApplication -Starting TgwApplication on DESKTOP-NR810TO with PID 16948 (D:\Java\ideaworkspace\TGW\target\classes started by TjSanshao in D:\Java\ideaworkspace\TGW)
2018-12-20 08:29:42.389 [restartedMain] INFO  cn.tgw.TgwApplication -No active profile set, falling back to default profiles: default
2018-12-20 08:29:46.149 [restartedMain] INFO  cn.tgw.TgwApplication -Started TgwApplication in 3.795 seconds (JVM running for 221.986)
2018-12-20 08:31:02.493 [restartedMain] INFO  cn.tgw.TgwApplication -Starting TgwApplication on DESKTOP-NR810TO with PID 16948 (D:\Java\ideaworkspace\TGW\target\classes started by TjSanshao in D:\Java\ideaworkspace\TGW)
2018-12-20 08:31:02.494 [restartedMain] INFO  cn.tgw.TgwApplication -No active profile set, falling back to default profiles: default
2018-12-20 08:31:06.110 [restartedMain] INFO  cn.tgw.TgwApplication -Started TgwApplication in 3.673 seconds (JVM running for 301.946)
2018-12-20 08:32:49.511 [http-nio-8080-exec-8] DEBUG c.t.u.m.U.selectByUsernameAndPasswordAndUserStatus -==>  Preparing: select id, username, password, user_status, mobile from tgw_user where username = ? and password = ? and user_status = ? 
2018-12-20 08:32:49.518 [http-nio-8080-exec-8] DEBUG c.t.u.m.U.selectByUsernameAndPasswordAndUserStatus -==> Parameters: TjSanshao(String), 666666(String), 1(Byte)
2018-12-20 08:32:49.539 [http-nio-8080-exec-8] DEBUG c.t.u.m.U.selectByUsernameAndPasswordAndUserStatus -<==      Total: 1
2018-12-20 08:32:50.545 [http-nio-8080-exec-8] DEBUG c.t.u.m.U.selectByUserId -==>  Preparing: select id, tgw_user_id, sex, mobile, email, reg_time, last_update_time, user_image_url, nick_name from tgw_user_detail where tgw_user_id = ? 
2018-12-20 08:32:50.546 [http-nio-8080-exec-8] DEBUG c.t.u.m.U.selectByUserId -==> Parameters: 1(Integer)
2018-12-20 08:32:50.566 [http-nio-8080-exec-8] DEBUG c.t.u.m.U.selectByUserId -<==      Total: 1
2018-12-20 08:39:19.228 [http-nio-8080-exec-2] DEBUG c.t.u.m.U.selectByPrimaryKey -==>  Preparing: select id, username, password, user_status, mobile from tgw_user where id = ? 
2018-12-20 08:39:19.228 [http-nio-8080-exec-2] DEBUG c.t.u.m.U.selectByPrimaryKey -==> Parameters: 1(Integer)
2018-12-20 08:39:19.246 [http-nio-8080-exec-2] DEBUG c.t.u.m.U.selectByPrimaryKey -<==      Total: 1
2018-12-20 08:41:25.269 [restartedMain] INFO  cn.tgw.TgwApplication -Starting TgwApplication on DESKTOP-NR810TO with PID 16948 (D:\Java\ideaworkspace\TGW\target\classes started by TjSanshao in D:\Java\ideaworkspace\TGW)
2018-12-20 08:41:25.270 [restartedMain] INFO  cn.tgw.TgwApplication -No active profile set, falling back to default profiles: default
2018-12-20 08:41:29.322 [restartedMain] INFO  cn.tgw.TgwApplication -Started TgwApplication in 4.097 seconds (JVM running for 925.159)
2018-12-20 08:44:45.190 [restartedMain] INFO  cn.tgw.TgwApplication -Starting TgwApplication on DESKTOP-NR810TO with PID 9448 (D:\Java\ideaworkspace\TGW\target\classes started by TjSanshao in D:\Java\ideaworkspace\TGW)
2018-12-20 08:44:45.194 [restartedMain] INFO  cn.tgw.TgwApplication -No active profile set, falling back to default profiles: default
2018-12-20 08:45:00.217 [restartedMain] INFO  cn.tgw.TgwApplication -Started TgwApplication in 15.776 seconds (JVM running for 16.601)
2018-12-20 08:53:55.489 [restartedMain] INFO  cn.tgw.TgwApplication -Starting TgwApplication on DESKTOP-NR810TO with PID 9448 (D:\Java\ideaworkspace\TGW\target\classes started by TjSanshao in D:\Java\ideaworkspace\TGW)
2018-12-20 08:53:55.489 [restartedMain] INFO  cn.tgw.TgwApplication -Starting TgwApplication on DESKTOP-NR810TO with PID 9448 (D:\Java\ideaworkspace\TGW\target\classes started by TjSanshao in D:\Java\ideaworkspace\TGW)
2018-12-20 08:53:55.489 [restartedMain] INFO  cn.tgw.TgwApplication -No active profile set, falling back to default profiles: default
2018-12-20 08:53:55.489 [restartedMain] INFO  cn.tgw.TgwApplication -No active profile set, falling back to default profiles: default
2018-12-20 08:53:56.076 [restartedMain] INFO  o.s.d.r.c.RepositoryConfigurationDelegate -Multiple Spring Data modules found, entering strict repository configuration mode!
2018-12-20 08:53:56.077 [restartedMain] INFO  o.s.d.r.c.RepositoryConfigurationDelegate -Bootstrapping Spring Data repositories in DEFAULT mode.
2018-12-20 08:53:56.106 [restartedMain] INFO  o.s.d.r.c.RepositoryConfigurationDelegate -Finished Spring Data repository scanning in 29ms. Found 1 repository interfaces.
2018-12-20 08:53:56.108 [restartedMain] INFO  o.s.d.r.c.RepositoryConfigurationDelegate -Multiple Spring Data modules found, entering strict repository configuration mode!
2018-12-20 08:53:56.109 [restartedMain] INFO  o.s.d.r.c.RepositoryConfigurationDelegate -Bootstrapping Spring Data repositories in DEFAULT mode.
2018-12-20 08:53:56.120 [restartedMain] INFO  o.s.d.r.c.RepositoryConfigurationExtensionSupport -Spring Data Redis - Could not safely identify store assignment for repository candidate interface cn.tgw.goods.elasticsearchRepository.GoodsEsRepository.
2018-12-20 08:53:56.121 [restartedMain] INFO  o.s.d.r.c.RepositoryConfigurationDelegate -Finished Spring Data repository scanning in 12ms. Found 0 repository interfaces.
2018-12-20 08:53:56.233 [restartedMain] INFO  o.s.c.s.PostProcessorRegistrationDelegate$BeanPostProcessorChecker -Bean 'org.springframework.amqp.rabbit.annotation.RabbitBootstrapConfiguration' of type [org.springframework.amqp.rabbit.annotation.RabbitBootstrapConfiguration$$EnhancerBySpringCGLIB$$35509aeb] is not eligible for getting processed by all BeanPostProcessors (for example: not eligible for auto-proxying)
2018-12-20 08:53:56.260 [restartedMain] INFO  o.s.c.s.PostProcessorRegistrationDelegate$BeanPostProcessorChecker -Bean 'org.springframework.transaction.annotation.ProxyTransactionManagementConfiguration' of type [org.springframework.transaction.annotation.ProxyTransactionManagementConfiguration$$EnhancerBySpringCGLIB$$6ee4dcbd] is not eligible for getting processed by all BeanPostProcessors (for example: not eligible for auto-proxying)
2018-12-20 08:53:56.272 [restartedMain] INFO  o.s.c.s.PostProcessorRegistrationDelegate$BeanPostProcessorChecker -Bean 'redisConfig' of type [cn.tgw.admin.redisConfig.RedisConfig$$EnhancerBySpringCGLIB$$73c89a62] is not eligible for getting processed by all BeanPostProcessors (for example: not eligible for auto-proxying)
2018-12-20 08:53:56.468 [restartedMain] INFO  o.s.b.w.e.t.TomcatWebServer -Tomcat initialized with port(s): 8080 (http)
2018-12-20 08:53:56.469 [restartedMain] INFO  o.a.c.h.Http11NioProtocol -Initializing ProtocolHandler ["http-nio-8080"]
2018-12-20 08:53:56.470 [restartedMain] INFO  o.a.c.c.StandardService -Starting service [Tomcat]
2018-12-20 08:53:56.470 [restartedMain] INFO  o.a.c.core.StandardEngine -Starting Servlet Engine: Apache Tomcat/9.0.12
2018-12-20 08:53:56.510 [restartedMain] INFO  o.a.c.c.C.[.[.[/] -Initializing Spring embedded WebApplicationContext
2018-12-20 08:53:56.510 [restartedMain] INFO  o.s.w.c.ContextLoader -Root WebApplicationContext: initialization completed in 1015 ms
2018-12-20 08:53:56.792 [restartedMain] INFO  c.a.d.s.b.a.DruidDataSourceAutoConfigure -Init DruidDataSource
2018-12-20 08:54:01.479 [restartedMain] INFO  c.a.d.p.DruidDataSource -{dataSource-2} inited
2018-12-20 08:54:01.512 [restartedMain] INFO  o.e.p.PluginsService -no modules loaded
2018-12-20 08:54:01.512 [restartedMain] INFO  o.e.p.PluginsService -loaded plugin [org.elasticsearch.index.reindex.ReindexPlugin]
2018-12-20 08:54:01.512 [restartedMain] INFO  o.e.p.PluginsService -loaded plugin [org.elasticsearch.join.ParentJoinPlugin]
2018-12-20 08:54:01.512 [restartedMain] INFO  o.e.p.PluginsService -loaded plugin [org.elasticsearch.percolator.PercolatorPlugin]
2018-12-20 08:54:01.512 [restartedMain] INFO  o.e.p.PluginsService -loaded plugin [org.elasticsearch.script.mustache.MustachePlugin]
2018-12-20 08:54:01.513 [restartedMain] INFO  o.e.p.PluginsService -loaded plugin [org.elasticsearch.transport.Netty4Plugin]
2018-12-20 08:54:01.529 [restartedMain] INFO  o.s.d.e.c.TransportClientFactoryBean -Adding transport node : 120.79.74.174:9300
2018-12-20 08:54:01.756 [restartedMain] INFO  o.s.b.w.s.FilterRegistrationBean -Mapping filter: 'characterEncodingFilter' to: [/*]
2018-12-20 08:54:01.756 [restartedMain] INFO  o.s.b.w.s.FilterRegistrationBean -Mapping filter: 'webMvcMetricsFilter' to: [/*]
2018-12-20 08:54:01.756 [restartedMain] INFO  o.s.b.w.s.FilterRegistrationBean -Mapping filter: 'hiddenHttpMethodFilter' to: [/*]
2018-12-20 08:54:01.758 [restartedMain] INFO  o.s.b.w.s.FilterRegistrationBean -Mapping filter: 'formContentFilter' to: [/*]
2018-12-20 08:54:01.759 [restartedMain] INFO  o.s.b.w.s.FilterRegistrationBean -Mapping filter: 'requestContextFilter' to: [/*]
2018-12-20 08:54:01.759 [restartedMain] INFO  o.s.b.w.s.FilterRegistrationBean -Mapping filter: 'BusinessmanLoginFilter' to urls: [/businessman/test, /tjsanshao/businessman/password, /tjsanshao/businessman/settle, /tjsanshao/businessman/orders, /tjsanshao/businessman/orders7days, /tjsanshao/businessman/orders30days, /tjsanshao/businessman/ordersCustom, /tjsanshao/businessman/goods]
2018-12-20 08:54:01.760 [restartedMain] INFO  o.s.b.w.s.FilterRegistrationBean -Mapping filter: 'UserLoginFilter' to urls: [/tjsanshao/user/logout, /tjsanshao/user/detail, /tjsanshao/user/password, /tjsanshao/user/verifyMobile, /tjsanshao/user/mobile, /tjsanshao/user/orders, /tjsanshao/user/ordersNotPay, /tjsanshao/user/ordersNotUse, /tjsanshao/user/ordersNotComment, /tjsanshao/user/deleteOrder, /tjsanshao/order/create, /tjsanshao/order/pay, /tjsanshao/order/msKillCreate]
2018-12-20 08:54:01.760 [restartedMain] INFO  o.s.b.w.s.FilterRegistrationBean -Mapping filter: 'BusinessmanSettledFilter' to urls: [/tjsanshao/businessman/orders, /tjsanshao/businessman/orders7days, /tjsanshao/businessman/orders30days, /tjsanshao/businessman/ordersCustom, /tjsanshao/businessman/goods]
2018-12-20 08:54:01.760 [restartedMain] INFO  o.s.b.w.s.FilterRegistrationBean -Mapping filter: 'httpTraceFilter' to: [/*]
2018-12-20 08:54:01.760 [restartedMain] INFO  o.s.b.w.s.FilterRegistrationBean -Mapping filter: 'webStatFilter' to urls: [/*]
2018-12-20 08:54:01.760 [restartedMain] INFO  o.s.b.w.s.ServletRegistrationBean -Servlet dispatcherServlet mapped to [/]
2018-12-20 08:54:01.761 [restartedMain] INFO  o.s.b.w.s.ServletRegistrationBean -Servlet statViewServlet mapped to [/druid/*]
2018-12-20 08:54:02.209 [restartedMain] INFO  o.s.b.d.a.OptionalLiveReloadServer -LiveReload server is running on port 35729
2018-12-20 08:54:02.450 [restartedMain] INFO  o.s.s.c.ThreadPoolTaskExecutor -Initializing ExecutorService 'applicationTaskExecutor'
2018-12-20 08:54:02.872 [restartedMain] INFO  o.s.b.a.e.w.EndpointLinksResolver -Exposing 2 endpoint(s) beneath base path '/actuator'
2018-12-20 08:54:02.927 [restartedMain] INFO  o.s.a.r.c.CachingConnectionFactory -Attempting to connect to: [120.79.74.174:5672]
2018-12-20 08:54:03.222 [restartedMain] INFO  o.s.a.r.c.CachingConnectionFactory -Created new connection: rabbitConnectionFactory#39a1056d:0/SimpleConnection@212e4661 [delegate=amqp://guest@120.79.74.174:5672/, localPort= 49529]
2018-12-20 08:54:03.348 [restartedMain] INFO  o.a.c.h.Http11NioProtocol -Starting ProtocolHandler ["http-nio-8080"]
2018-12-20 08:54:03.350 [restartedMain] INFO  o.a.t.u.n.NioSelectorPool -Using a shared selector for servlet write/read
2018-12-20 08:54:03.353 [restartedMain] INFO  o.s.b.w.e.t.TomcatWebServer -Tomcat started on port(s): 8080 (http) with context path ''
2018-12-20 08:54:03.354 [restartedMain] INFO  cn.tgw.TgwApplication -Started TgwApplication in 7.905 seconds (JVM running for 559.739)
2018-12-20 08:54:03.354 [restartedMain] INFO  cn.tgw.TgwApplication -Started TgwApplication in 7.905 seconds (JVM running for 559.739)
2018-12-20 08:54:03.361 [restartedMain] INFO  o.s.b.d.a.ConditionEvaluationDeltaLoggingListener -Condition evaluation unchanged
2018-12-20 08:54:25.700 [http-nio-8080-exec-1] INFO  o.a.c.c.C.[.[.[/] -Initializing Spring DispatcherServlet 'dispatcherServlet'
2018-12-20 08:54:25.701 [http-nio-8080-exec-1] INFO  o.s.w.s.DispatcherServlet -Initializing Servlet 'dispatcherServlet'
2018-12-20 08:54:25.709 [http-nio-8080-exec-1] INFO  o.s.w.s.DispatcherServlet -Completed initialization in 8 ms
2018-12-20 08:56:33.359 [http-nio-8080-exec-5] WARN  o.s.w.s.m.s.DefaultHandlerExceptionResolver -Resolved [org.springframework.web.method.annotation.MethodArgumentTypeMismatchException: Failed to convert value of type 'java.lang.String' to required type 'java.lang.Integer'; nested exception is java.lang.NumberFormatException: For input string: "undefined"]
2018-12-20 08:57:15.739 [http-nio-8080-exec-6] WARN  o.s.w.s.m.s.DefaultHandlerExceptionResolver -Resolved [org.springframework.web.method.annotation.MethodArgumentTypeMismatchException: Failed to convert value of type 'java.lang.String' to required type 'java.lang.Integer'; nested exception is java.lang.NumberFormatException: For input string: "undefined"]
2018-12-20 09:02:21.983 [http-nio-8080-exec-7] WARN  o.s.w.s.m.s.DefaultHandlerExceptionResolver -Resolved [org.springframework.web.method.annotation.MethodArgumentTypeMismatchException: Failed to convert value of type 'java.lang.String' to required type 'java.lang.Integer'; nested exception is java.lang.NumberFormatException: For input string: "undefined"]
2018-12-20 09:25:16.357 [restartedMain] INFO  cn.tgw.TgwApplication -Starting TgwApplication on DESKTOP-NR810TO with PID 19448 (D:\Java\ideaworkspace\TGW\target\classes started by TjSanshao in D:\Java\ideaworkspace\TGW)
2018-12-20 09:25:16.357 [restartedMain] INFO  cn.tgw.TgwApplication -Starting TgwApplication on DESKTOP-NR810TO with PID 19448 (D:\Java\ideaworkspace\TGW\target\classes started by TjSanshao in D:\Java\ideaworkspace\TGW)
2018-12-20 09:25:16.422 [restartedMain] INFO  cn.tgw.TgwApplication -No active profile set, falling back to default profiles: default
2018-12-20 09:25:16.422 [restartedMain] INFO  cn.tgw.TgwApplication -No active profile set, falling back to default profiles: default
2018-12-20 09:25:16.558 [restartedMain] INFO  o.s.b.d.e.DevToolsPropertyDefaultsPostProcessor -Devtools property defaults active! Set 'spring.devtools.add-properties' to 'false' to disable
2018-12-20 09:25:16.558 [restartedMain] INFO  o.s.b.d.e.DevToolsPropertyDefaultsPostProcessor -For additional web related logging consider setting the 'logging.level.web' property to 'DEBUG'
2018-12-20 09:25:18.377 [restartedMain] INFO  o.s.d.r.c.RepositoryConfigurationDelegate -Multiple Spring Data modules found, entering strict repository configuration mode!
2018-12-20 09:25:18.379 [restartedMain] INFO  o.s.d.r.c.RepositoryConfigurationDelegate -Bootstrapping Spring Data repositories in DEFAULT mode.
2018-12-20 09:25:18.483 [restartedMain] INFO  o.s.d.r.c.RepositoryConfigurationDelegate -Finished Spring Data repository scanning in 97ms. Found 1 repository interfaces.
2018-12-20 09:25:18.493 [restartedMain] INFO  o.s.d.r.c.RepositoryConfigurationDelegate -Multiple Spring Data modules found, entering strict repository configuration mode!
2018-12-20 09:25:18.495 [restartedMain] INFO  o.s.d.r.c.RepositoryConfigurationDelegate -Bootstrapping Spring Data repositories in DEFAULT mode.
2018-12-20 09:25:18.517 [restartedMain] INFO  o.s.d.r.c.RepositoryConfigurationExtensionSupport -Spring Data Redis - Could not safely identify store assignment for repository candidate interface cn.tgw.goods.elasticsearchRepository.GoodsEsRepository.
2018-12-20 09:25:18.518 [restartedMain] INFO  o.s.d.r.c.RepositoryConfigurationDelegate -Finished Spring Data repository scanning in 14ms. Found 0 repository interfaces.
2018-12-20 09:25:19.591 [restartedMain] INFO  o.s.c.s.PostProcessorRegistrationDelegate$BeanPostProcessorChecker -Bean 'org.springframework.amqp.rabbit.annotation.RabbitBootstrapConfiguration' of type [org.springframework.amqp.rabbit.annotation.RabbitBootstrapConfiguration$$EnhancerBySpringCGLIB$$dcd88089] is not eligible for getting processed by all BeanPostProcessors (for example: not eligible for auto-proxying)
2018-12-20 09:25:19.722 [restartedMain] INFO  o.s.c.s.PostProcessorRegistrationDelegate$BeanPostProcessorChecker -Bean 'org.springframework.transaction.annotation.ProxyTransactionManagementConfiguration' of type [org.springframework.transaction.annotation.ProxyTransactionManagementConfiguration$$EnhancerBySpringCGLIB$$166cc25b] is not eligible for getting processed by all BeanPostProcessors (for example: not eligible for auto-proxying)
2018-12-20 09:25:19.967 [restartedMain] INFO  o.s.c.s.PostProcessorRegistrationDelegate$BeanPostProcessorChecker -Bean 'redisConfig' of type [cn.tgw.admin.redisConfig.RedisConfig$$EnhancerBySpringCGLIB$$1b508000] is not eligible for getting processed by all BeanPostProcessors (for example: not eligible for auto-proxying)
2018-12-20 09:25:20.803 [restartedMain] INFO  o.s.b.w.e.t.TomcatWebServer -Tomcat initialized with port(s): 8080 (http)
2018-12-20 09:25:20.822 [restartedMain] INFO  o.a.c.h.Http11NioProtocol -Initializing ProtocolHandler ["http-nio-8080"]
2018-12-20 09:25:20.834 [restartedMain] INFO  o.a.c.c.StandardService -Starting service [Tomcat]
2018-12-20 09:25:20.834 [restartedMain] INFO  o.a.c.core.StandardEngine -Starting Servlet Engine: Apache Tomcat/9.0.12
2018-12-20 09:25:20.849 [restartedMain] INFO  o.a.c.c.AprLifecycleListener -The APR based Apache Tomcat Native library which allows optimal performance in production environments was not found on the java.library.path: [C:\Program Files\Java\jdk1.8.0_181\bin;C:\WINDOWS\Sun\Java\bin;C:\WINDOWS\system32;C:\WINDOWS;C:\Program Files (x86)\Common Files\Oracle\Java\javapath;C:\Windows\system32;C:\Windows;C:\Windows\System32\Wbem;C:\Windows\System32\WindowsPowerShell\v1.0\;C:\Program Files (x86)\NVIDIA Corporation\PhysX\Common;C:\WINDOWS\system32;C:\WINDOWS;C:\WINDOWS\System32\Wbem;C:\WINDOWS\System32\WindowsPowerShell\v1.0\;C:\WINDOWS\System32\OpenSSH\;C:\Program Files\Java\jdk1.8.0_181\bin;C:\Program Files\Java\jdk1.8.0_181\jre\bin;C:\Program Files\MySQL\MySQL Server 5.7\bin;C:\Program Files\Git\cmd;C:\Program Files\Microsoft VS Code\bin;C:\Users\TjSanshao\AppData\Local\Microsoft\WindowsApps;;D:\SSH Communications Security\SSH Secure Shell;.]
2018-12-20 09:25:21.039 [restartedMain] INFO  o.a.c.c.C.[.[.[/] -Initializing Spring embedded WebApplicationContext
2018-12-20 09:25:21.039 [restartedMain] INFO  o.s.w.c.ContextLoader -Root WebApplicationContext: initialization completed in 4480 ms
2018-12-20 09:25:21.752 [restartedMain] INFO  c.a.d.s.b.a.DruidDataSourceAutoConfigure -Init DruidDataSource
2018-12-20 09:25:23.775 [restartedMain] INFO  c.a.d.p.DruidDataSource -{dataSource-1} inited
2018-12-20 09:25:24.407 [restartedMain] INFO  o.e.p.PluginsService -no modules loaded
2018-12-20 09:25:24.408 [restartedMain] INFO  o.e.p.PluginsService -loaded plugin [org.elasticsearch.index.reindex.ReindexPlugin]
2018-12-20 09:25:24.408 [restartedMain] INFO  o.e.p.PluginsService -loaded plugin [org.elasticsearch.join.ParentJoinPlugin]
2018-12-20 09:25:24.408 [restartedMain] INFO  o.e.p.PluginsService -loaded plugin [org.elasticsearch.percolator.PercolatorPlugin]
2018-12-20 09:25:24.408 [restartedMain] INFO  o.e.p.PluginsService -loaded plugin [org.elasticsearch.script.mustache.MustachePlugin]
2018-12-20 09:25:24.408 [restartedMain] INFO  o.e.p.PluginsService -loaded plugin [org.elasticsearch.transport.Netty4Plugin]
2018-12-20 09:25:26.610 [restartedMain] INFO  o.s.d.e.c.TransportClientFactoryBean -Adding transport node : 120.79.74.174:9300
2018-12-20 09:25:27.502 [restartedMain] INFO  o.s.b.w.s.FilterRegistrationBean -Mapping filter: 'characterEncodingFilter' to: [/*]
2018-12-20 09:25:27.503 [restartedMain] INFO  o.s.b.w.s.FilterRegistrationBean -Mapping filter: 'webMvcMetricsFilter' to: [/*]
2018-12-20 09:25:27.503 [restartedMain] INFO  o.s.b.w.s.FilterRegistrationBean -Mapping filter: 'hiddenHttpMethodFilter' to: [/*]
2018-12-20 09:25:27.504 [restartedMain] INFO  o.s.b.w.s.FilterRegistrationBean -Mapping filter: 'formContentFilter' to: [/*]
2018-12-20 09:25:27.504 [restartedMain] INFO  o.s.b.w.s.FilterRegistrationBean -Mapping filter: 'requestContextFilter' to: [/*]
2018-12-20 09:25:27.504 [restartedMain] INFO  o.s.b.w.s.FilterRegistrationBean -Mapping filter: 'BusinessmanLoginFilter' to urls: [/businessman/test, /tjsanshao/businessman/password, /tjsanshao/businessman/settle, /tjsanshao/businessman/orders, /tjsanshao/businessman/orders7days, /tjsanshao/businessman/orders30days, /tjsanshao/businessman/ordersCustom, /tjsanshao/businessman/goods]
2018-12-20 09:25:27.504 [restartedMain] INFO  o.s.b.w.s.FilterRegistrationBean -Mapping filter: 'UserLoginFilter' to urls: [/tjsanshao/user/logout, /tjsanshao/user/detail, /tjsanshao/user/password, /tjsanshao/user/verifyMobile, /tjsanshao/user/mobile, /tjsanshao/user/orders, /tjsanshao/user/ordersNotPay, /tjsanshao/user/ordersNotUse, /tjsanshao/user/ordersNotComment, /tjsanshao/user/deleteOrder, /tjsanshao/order/create, /tjsanshao/order/pay, /tjsanshao/order/msKillCreate]
2018-12-20 09:25:27.504 [restartedMain] INFO  o.s.b.w.s.FilterRegistrationBean -Mapping filter: 'BusinessmanSettledFilter' to urls: [/tjsanshao/businessman/orders, /tjsanshao/businessman/orders7days, /tjsanshao/businessman/orders30days, /tjsanshao/businessman/ordersCustom, /tjsanshao/businessman/goods]
2018-12-20 09:25:27.504 [restartedMain] INFO  o.s.b.w.s.FilterRegistrationBean -Mapping filter: 'httpTraceFilter' to: [/*]
2018-12-20 09:25:27.505 [restartedMain] INFO  o.s.b.w.s.FilterRegistrationBean -Mapping filter: 'webStatFilter' to urls: [/*]
2018-12-20 09:25:27.505 [restartedMain] INFO  o.s.b.w.s.ServletRegistrationBean -Servlet dispatcherServlet mapped to [/]
2018-12-20 09:25:27.507 [restartedMain] INFO  o.s.b.w.s.ServletRegistrationBean -Servlet statViewServlet mapped to [/druid/*]
2018-12-20 09:25:28.791 [restartedMain] INFO  o.s.b.d.a.OptionalLiveReloadServer -LiveReload server is running on port 35729
2018-12-20 09:25:29.524 [restartedMain] INFO  o.s.s.c.ThreadPoolTaskExecutor -Initializing ExecutorService 'applicationTaskExecutor'
2018-12-20 09:25:30.835 [restartedMain] INFO  o.s.b.a.e.w.EndpointLinksResolver -Exposing 2 endpoint(s) beneath base path '/actuator'
2018-12-20 09:25:31.024 [restartedMain] INFO  o.s.a.r.c.CachingConnectionFactory -Attempting to connect to: [120.79.74.174:5672]
2018-12-20 09:25:31.164 [restartedMain] INFO  o.s.a.r.c.CachingConnectionFactory -Created new connection: rabbitConnectionFactory#1ac15189:0/SimpleConnection@4957e4c5 [delegate=amqp://guest@120.79.74.174:5672/, localPort= 51428]
2018-12-20 09:25:31.391 [restartedMain] INFO  o.a.c.h.Http11NioProtocol -Starting ProtocolHandler ["http-nio-8080"]
2018-12-20 09:25:31.394 [restartedMain] INFO  o.a.t.u.n.NioSelectorPool -Using a shared selector for servlet write/read
2018-12-20 09:25:31.416 [restartedMain] INFO  o.s.b.w.e.t.TomcatWebServer -Tomcat started on port(s): 8080 (http) with context path ''
2018-12-20 09:25:31.418 [restartedMain] INFO  cn.tgw.TgwApplication -Started TgwApplication in 15.889 seconds (JVM running for 18.134)
2018-12-20 09:25:31.418 [restartedMain] INFO  cn.tgw.TgwApplication -Started TgwApplication in 15.889 seconds (JVM running for 18.134)
2018-12-20 09:27:17.114 [http-nio-8080-exec-1] INFO  o.a.c.c.C.[.[.[/] -Initializing Spring DispatcherServlet 'dispatcherServlet'
2018-12-20 09:27:17.114 [http-nio-8080-exec-1] INFO  o.s.w.s.DispatcherServlet -Initializing Servlet 'dispatcherServlet'
2018-12-20 09:27:17.130 [http-nio-8080-exec-1] INFO  o.s.w.s.DispatcherServlet -Completed initialization in 15 ms
2018-12-20 10:37:11.641 [restartedMain] INFO  cn.tgw.TgwApplication -Starting TgwApplication on DESKTOP-NR810TO with PID 13300 (D:\Java\ideaworkspace\TGW\target\classes started by TjSanshao in D:\Java\ideaworkspace\TGW)
2018-12-20 10:37:11.641 [restartedMain] INFO  cn.tgw.TgwApplication -Starting TgwApplication on DESKTOP-NR810TO with PID 13300 (D:\Java\ideaworkspace\TGW\target\classes started by TjSanshao in D:\Java\ideaworkspace\TGW)
2018-12-20 10:37:11.645 [restartedMain] INFO  cn.tgw.TgwApplication -No active profile set, falling back to default profiles: default
2018-12-20 10:37:11.645 [restartedMain] INFO  cn.tgw.TgwApplication -No active profile set, falling back to default profiles: default
2018-12-20 10:37:11.796 [restartedMain] INFO  o.s.b.d.e.DevToolsPropertyDefaultsPostProcessor -Devtools property defaults active! Set 'spring.devtools.add-properties' to 'false' to disable
2018-12-20 10:37:11.797 [restartedMain] INFO  o.s.b.d.e.DevToolsPropertyDefaultsPostProcessor -For additional web related logging consider setting the 'logging.level.web' property to 'DEBUG'
2018-12-20 10:37:14.571 [restartedMain] INFO  o.s.d.r.c.RepositoryConfigurationDelegate -Multiple Spring Data modules found, entering strict repository configuration mode!
2018-12-20 10:37:14.575 [restartedMain] INFO  o.s.d.r.c.RepositoryConfigurationDelegate -Bootstrapping Spring Data repositories in DEFAULT mode.
2018-12-20 10:37:14.771 [restartedMain] INFO  o.s.d.r.c.RepositoryConfigurationDelegate -Finished Spring Data repository scanning in 174ms. Found 1 repository interfaces.
2018-12-20 10:37:14.783 [restartedMain] INFO  o.s.d.r.c.RepositoryConfigurationDelegate -Multiple Spring Data modules found, entering strict repository configuration mode!
2018-12-20 10:37:14.785 [restartedMain] INFO  o.s.d.r.c.RepositoryConfigurationDelegate -Bootstrapping Spring Data repositories in DEFAULT mode.
2018-12-20 10:37:14.824 [restartedMain] INFO  o.s.d.r.c.RepositoryConfigurationExtensionSupport -Spring Data Redis - Could not safely identify store assignment for repository candidate interface cn.tgw.goods.elasticsearchRepository.GoodsEsRepository.
2018-12-20 10:37:14.825 [restartedMain] INFO  o.s.d.r.c.RepositoryConfigurationDelegate -Finished Spring Data repository scanning in 25ms. Found 0 repository interfaces.
2018-12-20 10:37:15.693 [restartedMain] INFO  o.s.c.s.PostProcessorRegistrationDelegate$BeanPostProcessorChecker -Bean 'org.springframework.amqp.rabbit.annotation.RabbitBootstrapConfiguration' of type [org.springframework.amqp.rabbit.annotation.RabbitBootstrapConfiguration$$EnhancerBySpringCGLIB$$a1876c90] is not eligible for getting processed by all BeanPostProcessors (for example: not eligible for auto-proxying)
2018-12-20 10:37:15.811 [restartedMain] INFO  o.s.c.s.PostProcessorRegistrationDelegate$BeanPostProcessorChecker -Bean 'org.springframework.transaction.annotation.ProxyTransactionManagementConfiguration' of type [org.springframework.transaction.annotation.ProxyTransactionManagementConfiguration$$EnhancerBySpringCGLIB$$db1bae62] is not eligible for getting processed by all BeanPostProcessors (for example: not eligible for auto-proxying)
2018-12-20 10:37:16.048 [restartedMain] INFO  o.s.c.s.PostProcessorRegistrationDelegate$BeanPostProcessorChecker -Bean 'redisConfig' of type [cn.tgw.admin.redisConfig.RedisConfig$$EnhancerBySpringCGLIB$$dfff6c07] is not eligible for getting processed by all BeanPostProcessors (for example: not eligible for auto-proxying)
2018-12-20 10:37:17.028 [restartedMain] INFO  o.s.b.w.e.t.TomcatWebServer -Tomcat initialized with port(s): 8080 (http)
2018-12-20 10:37:17.051 [restartedMain] INFO  o.a.c.h.Http11NioProtocol -Initializing ProtocolHandler ["http-nio-8080"]
2018-12-20 10:37:17.060 [restartedMain] INFO  o.a.c.c.StandardService -Starting service [Tomcat]
2018-12-20 10:37:17.061 [restartedMain] INFO  o.a.c.core.StandardEngine -Starting Servlet Engine: Apache Tomcat/9.0.12
2018-12-20 10:37:17.076 [restartedMain] INFO  o.a.c.c.AprLifecycleListener -The APR based Apache Tomcat Native library which allows optimal performance in production environments was not found on the java.library.path: [C:\Program Files\Java\jdk1.8.0_181\bin;C:\WINDOWS\Sun\Java\bin;C:\WINDOWS\system32;C:\WINDOWS;C:\Program Files (x86)\Common Files\Oracle\Java\javapath;C:\Windows\system32;C:\Windows;C:\Windows\System32\Wbem;C:\Windows\System32\WindowsPowerShell\v1.0\;C:\Program Files (x86)\NVIDIA Corporation\PhysX\Common;C:\WINDOWS\system32;C:\WINDOWS;C:\WINDOWS\System32\Wbem;C:\WINDOWS\System32\WindowsPowerShell\v1.0\;C:\WINDOWS\System32\OpenSSH\;C:\Program Files\Java\jdk1.8.0_181\bin;C:\Program Files\Java\jdk1.8.0_181\jre\bin;C:\Program Files\MySQL\MySQL Server 5.7\bin;C:\Program Files\Git\cmd;C:\Program Files\Microsoft VS Code\bin;C:\Users\TjSanshao\AppData\Local\Microsoft\WindowsApps;;D:\SSH Communications Security\SSH Secure Shell;.]
2018-12-20 10:37:17.281 [restartedMain] INFO  o.a.c.c.C.[.[.[/] -Initializing Spring embedded WebApplicationContext
2018-12-20 10:37:17.282 [restartedMain] INFO  o.s.w.c.ContextLoader -Root WebApplicationContext: initialization completed in 5485 ms
2018-12-20 10:37:18.053 [restartedMain] INFO  c.a.d.s.b.a.DruidDataSourceAutoConfigure -Init DruidDataSource
2018-12-20 10:37:22.570 [restartedMain] INFO  c.a.d.p.DruidDataSource -{dataSource-1} inited
2018-12-20 10:37:23.413 [restartedMain] INFO  o.e.p.PluginsService -no modules loaded
2018-12-20 10:37:23.414 [restartedMain] INFO  o.e.p.PluginsService -loaded plugin [org.elasticsearch.index.reindex.ReindexPlugin]
2018-12-20 10:37:23.414 [restartedMain] INFO  o.e.p.PluginsService -loaded plugin [org.elasticsearch.join.ParentJoinPlugin]
2018-12-20 10:37:23.414 [restartedMain] INFO  o.e.p.PluginsService -loaded plugin [org.elasticsearch.percolator.PercolatorPlugin]
2018-12-20 10:37:23.414 [restartedMain] INFO  o.e.p.PluginsService -loaded plugin [org.elasticsearch.script.mustache.MustachePlugin]
2018-12-20 10:37:23.414 [restartedMain] INFO  o.e.p.PluginsService -loaded plugin [org.elasticsearch.transport.Netty4Plugin]
2018-12-20 10:37:25.315 [restartedMain] INFO  o.s.d.e.c.TransportClientFactoryBean -Adding transport node : 120.79.74.174:9300
2018-12-20 10:37:26.254 [restartedMain] INFO  o.s.b.w.s.FilterRegistrationBean -Mapping filter: 'characterEncodingFilter' to: [/*]
2018-12-20 10:37:26.255 [restartedMain] INFO  o.s.b.w.s.FilterRegistrationBean -Mapping filter: 'webMvcMetricsFilter' to: [/*]
2018-12-20 10:37:26.257 [restartedMain] INFO  o.s.b.w.s.FilterRegistrationBean -Mapping filter: 'hiddenHttpMethodFilter' to: [/*]
2018-12-20 10:37:26.259 [restartedMain] INFO  o.s.b.w.s.FilterRegistrationBean -Mapping filter: 'formContentFilter' to: [/*]
2018-12-20 10:37:26.259 [restartedMain] INFO  o.s.b.w.s.FilterRegistrationBean -Mapping filter: 'requestContextFilter' to: [/*]
2018-12-20 10:37:26.259 [restartedMain] INFO  o.s.b.w.s.FilterRegistrationBean -Mapping filter: 'BusinessmanLoginFilter' to urls: [/businessman/test, /tjsanshao/businessman/password, /tjsanshao/businessman/settle, /tjsanshao/businessman/orders, /tjsanshao/businessman/orders7days, /tjsanshao/businessman/orders30days, /tjsanshao/businessman/ordersCustom, /tjsanshao/businessman/goods]
2018-12-20 10:37:26.260 [restartedMain] INFO  o.s.b.w.s.FilterRegistrationBean -Mapping filter: 'UserLoginFilter' to urls: [/tjsanshao/user/logout, /tjsanshao/user/detail, /tjsanshao/user/password, /tjsanshao/user/verifyMobile, /tjsanshao/user/mobile, /tjsanshao/user/orders, /tjsanshao/user/ordersNotPay, /tjsanshao/user/ordersNotUse, /tjsanshao/user/ordersNotComment, /tjsanshao/user/deleteOrder, /tjsanshao/order/create, /tjsanshao/order/pay, /tjsanshao/order/msKillCreate]
2018-12-20 10:37:26.260 [restartedMain] INFO  o.s.b.w.s.FilterRegistrationBean -Mapping filter: 'BusinessmanSettledFilter' to urls: [/tjsanshao/businessman/orders, /tjsanshao/businessman/orders7days, /tjsanshao/businessman/orders30days, /tjsanshao/businessman/ordersCustom, /tjsanshao/businessman/goods]
2018-12-20 10:37:26.260 [restartedMain] INFO  o.s.b.w.s.FilterRegistrationBean -Mapping filter: 'httpTraceFilter' to: [/*]
2018-12-20 10:37:26.260 [restartedMain] INFO  o.s.b.w.s.FilterRegistrationBean -Mapping filter: 'webStatFilter' to urls: [/*]
2018-12-20 10:37:26.261 [restartedMain] INFO  o.s.b.w.s.ServletRegistrationBean -Servlet dispatcherServlet mapped to [/]
2018-12-20 10:37:26.262 [restartedMain] INFO  o.s.b.w.s.ServletRegistrationBean -Servlet statViewServlet mapped to [/druid/*]
2018-12-20 10:37:27.963 [restartedMain] INFO  o.s.b.d.a.OptionalLiveReloadServer -LiveReload server is running on port 35729
2018-12-20 10:37:28.643 [restartedMain] INFO  o.s.s.c.ThreadPoolTaskExecutor -Initializing ExecutorService 'applicationTaskExecutor'
2018-12-20 10:37:30.216 [restartedMain] INFO  o.s.b.a.e.w.EndpointLinksResolver -Exposing 2 endpoint(s) beneath base path '/actuator'
2018-12-20 10:37:30.461 [restartedMain] INFO  o.s.a.r.c.CachingConnectionFactory -Attempting to connect to: [120.79.74.174:5672]
2018-12-20 10:37:30.642 [restartedMain] INFO  o.s.a.r.c.CachingConnectionFactory -Created new connection: rabbitConnectionFactory#2612f700:0/SimpleConnection@50d42d0 [delegate=amqp://guest@120.79.74.174:5672/, localPort= 55569]
2018-12-20 10:37:30.904 [restartedMain] INFO  o.a.c.h.Http11NioProtocol -Starting ProtocolHandler ["http-nio-8080"]
2018-12-20 10:37:30.908 [restartedMain] INFO  o.a.t.u.n.NioSelectorPool -Using a shared selector for servlet write/read
2018-12-20 10:37:30.933 [restartedMain] INFO  o.s.b.w.e.t.TomcatWebServer -Tomcat started on port(s): 8080 (http) with context path ''
2018-12-20 10:37:30.935 [restartedMain] INFO  cn.tgw.TgwApplication -Started TgwApplication in 20.415 seconds (JVM running for 21.482)
2018-12-20 10:37:30.935 [restartedMain] INFO  cn.tgw.TgwApplication -Started TgwApplication in 20.415 seconds (JVM running for 21.482)
2018-12-20 10:42:57.704 [http-nio-8080-exec-1] INFO  o.a.c.c.C.[.[.[/] -Initializing Spring DispatcherServlet 'dispatcherServlet'
2018-12-20 10:42:57.704 [http-nio-8080-exec-1] INFO  o.s.w.s.DispatcherServlet -Initializing Servlet 'dispatcherServlet'
2018-12-20 10:42:57.716 [http-nio-8080-exec-1] INFO  o.s.w.s.DispatcherServlet -Completed initialization in 11 ms
2018-12-20 11:36:29.906 [http-nio-8080-exec-10] ERROR c.t.c.e.BusinessmanExceptionHandler -BusinessmanExceptionHandler, catch exception:nested exception is org.apache.ibatis.exceptions.TooManyResultsException: Expected one result (or null) to be returned by selectOne(), but found: 2; detail info:org.mybatis.spring.MyBatisSystemException: nested exception is org.apache.ibatis.exceptions.TooManyResultsException: Expected one result (or null) to be returned by selectOne(), but found: 2
	at org.mybatis.spring.MyBatisExceptionTranslator.translateExceptionIfPossible(MyBatisExceptionTranslator.java:77)
	at org.mybatis.spring.SqlSessionTemplate$SqlSessionInterceptor.invoke(SqlSessionTemplate.java:446)
	at com.sun.proxy.$Proxy111.selectOne(Unknown Source)
	at org.mybatis.spring.SqlSessionTemplate.selectOne(SqlSessionTemplate.java:166)
	at org.apache.ibatis.binding.MapperMethod.execute(MapperMethod.java:83)
	at org.apache.ibatis.binding.MapperProxy.invoke(MapperProxy.java:59)
	at com.sun.proxy.$Proxy117.selectByBusinessmanId(Unknown Source)
	at cn.tgw.businessman.service.serviceImpl.BusinessmanServiceImpl.checkSettled(BusinessmanServiceImpl.java:263)
	at cn.tgw.businessman.service.serviceImpl.BusinessmanServiceImpl$$FastClassBySpringCGLIB$$6492cf0e.invoke(<generated>)
	at org.springframework.cglib.proxy.MethodProxy.invoke(MethodProxy.java:218)
	at org.springframework.aop.framework.CglibAopProxy$DynamicAdvisedInterceptor.intercept(CglibAopProxy.java:684)
	at cn.tgw.businessman.service.serviceImpl.BusinessmanServiceImpl$$EnhancerBySpringCGLIB$$7b2569a9.checkSettled(<generated>)
	at cn.tgw.businessman.controller.BusinessmanController.login(BusinessmanController.java:85)
	at sun.reflect.NativeMethodAccessorImpl.invoke0(Native Method)
	at sun.reflect.NativeMethodAccessorImpl.invoke(NativeMethodAccessorImpl.java:62)
	at sun.reflect.DelegatingMethodAccessorImpl.invoke(DelegatingMethodAccessorImpl.java:43)
	at java.lang.reflect.Method.invoke(Method.java:498)
	at org.springframework.web.method.support.InvocableHandlerMethod.doInvoke(InvocableHandlerMethod.java:215)
	at org.springframework.web.method.support.InvocableHandlerMethod.invokeForRequest(InvocableHandlerMethod.java:142)
	at org.springframework.web.servlet.mvc.method.annotation.ServletInvocableHandlerMethod.invokeAndHandle(ServletInvocableHandlerMethod.java:102)
	at org.springframework.web.servlet.mvc.method.annotation.RequestMappingHandlerAdapter.invokeHandlerMethod(RequestMappingHandlerAdapter.java:895)
	at org.springframework.web.servlet.mvc.method.annotation.RequestMappingHandlerAdapter.handleInternal(RequestMappingHandlerAdapter.java:800)
	at org.springframework.web.servlet.mvc.method.AbstractHandlerMethodAdapter.handle(AbstractHandlerMethodAdapter.java:87)
	at org.springframework.web.servlet.DispatcherServlet.doDispatch(DispatcherServlet.java:1038)
	at org.springframework.web.servlet.DispatcherServlet.doService(DispatcherServlet.java:942)
	at org.springframework.web.servlet.FrameworkServlet.processRequest(FrameworkServlet.java:998)
	at org.springframework.web.servlet.FrameworkServlet.doPost(FrameworkServlet.java:901)
	at javax.servlet.http.HttpServlet.service(HttpServlet.java:660)
	at org.springframework.web.servlet.FrameworkServlet.service(FrameworkServlet.java:875)
	at javax.servlet.http.HttpServlet.service(HttpServlet.java:741)
	at org.apache.catalina.core.ApplicationFilterChain.internalDoFilter(ApplicationFilterChain.java:231)
	at org.apache.catalina.core.ApplicationFilterChain.doFilter(ApplicationFilterChain.java:166)
	at org.apache.tomcat.websocket.server.WsFilter.doFilter(WsFilter.java:53)
	at org.apache.catalina.core.ApplicationFilterChain.internalDoFilter(ApplicationFilterChain.java:193)
	at org.apache.catalina.core.ApplicationFilterChain.doFilter(ApplicationFilterChain.java:166)
	at com.alibaba.druid.support.http.WebStatFilter.doFilter(WebStatFilter.java:123)
	at org.apache.catalina.core.ApplicationFilterChain.internalDoFilter(ApplicationFilterChain.java:193)
	at org.apache.catalina.core.ApplicationFilterChain.doFilter(ApplicationFilterChain.java:166)
	at org.springframework.boot.actuate.web.trace.servlet.HttpTraceFilter.doFilterInternal(HttpTraceFilter.java:90)
	at org.springframework.web.filter.OncePerRequestFilter.doFilter(OncePerRequestFilter.java:107)
	at org.apache.catalina.core.ApplicationFilterChain.internalDoFilter(ApplicationFilterChain.java:193)
	at org.apache.catalina.core.ApplicationFilterChain.doFilter(ApplicationFilterChain.java:166)
	at org.springframework.web.filter.RequestContextFilter.doFilterInternal(RequestContextFilter.java:99)
	at org.springframework.web.filter.OncePerRequestFilter.doFilter(OncePerRequestFilter.java:107)
	at org.apache.catalina.core.ApplicationFilterChain.internalDoFilter(ApplicationFilterChain.java:193)
	at org.apache.catalina.core.ApplicationFilterChain.doFilter(ApplicationFilterChain.java:166)
	at org.springframework.web.filter.FormContentFilter.doFilterInternal(FormContentFilter.java:92)
	at org.springframework.web.filter.OncePerRequestFilter.doFilter(OncePerRequestFilter.java:107)
	at org.apache.catalina.core.ApplicationFilterChain.internalDoFilter(ApplicationFilterChain.java:193)
	at org.apache.catalina.core.ApplicationFilterChain.doFilter(ApplicationFilterChain.java:166)
	at org.springframework.web.filter.HiddenHttpMethodFilter.doFilterInternal(HiddenHttpMethodFilter.java:93)
	at org.springframework.web.filter.OncePerRequestFilter.doFilter(OncePerRequestFilter.java:107)
	at org.apache.catalina.core.ApplicationFilterChain.internalDoFilter(ApplicationFilterChain.java:193)
	at org.apache.catalina.core.ApplicationFilterChain.doFilter(ApplicationFilterChain.java:166)
	at org.springframework.boot.actuate.metrics.web.servlet.WebMvcMetricsFilter.filterAndRecordMetrics(WebMvcMetricsFilter.java:154)
	at org.springframework.boot.actuate.metrics.web.servlet.WebMvcMetricsFilter.filterAndRecordMetrics(WebMvcMetricsFilter.java:122)
	at org.springframework.boot.actuate.metrics.web.servlet.WebMvcMetricsFilter.doFilterInternal(WebMvcMetricsFilter.java:107)
	at org.springframework.web.filter.OncePerRequestFilter.doFilter(OncePerRequestFilter.java:107)
	at org.apache.catalina.core.ApplicationFilterChain.internalDoFilter(ApplicationFilterChain.java:193)
	at org.apache.catalina.core.ApplicationFilterChain.doFilter(ApplicationFilterChain.java:166)
	at org.springframework.web.filter.CharacterEncodingFilter.doFilterInternal(CharacterEncodingFilter.java:200)
	at org.springframework.web.filter.OncePerRequestFilter.doFilter(OncePerRequestFilter.java:107)
	at org.apache.catalina.core.ApplicationFilterChain.internalDoFilter(ApplicationFilterChain.java:193)
	at org.apache.catalina.core.ApplicationFilterChain.doFilter(ApplicationFilterChain.java:166)
	at org.apache.catalina.core.StandardWrapperValve.invoke(StandardWrapperValve.java:199)
	at org.apache.catalina.core.StandardContextValve.invoke(StandardContextValve.java:96)
	at org.apache.catalina.authenticator.AuthenticatorBase.invoke(AuthenticatorBase.java:490)
	at org.apache.catalina.core.StandardHostValve.invoke(StandardHostValve.java:139)
	at org.apache.catalina.valves.ErrorReportValve.invoke(ErrorReportValve.java:92)
	at org.apache.catalina.core.StandardEngineValve.invoke(StandardEngineValve.java:74)
	at org.apache.catalina.connector.CoyoteAdapter.service(CoyoteAdapter.java:343)
	at org.apache.coyote.http11.Http11Processor.service(Http11Processor.java:408)
	at org.apache.coyote.AbstractProcessorLight.process(AbstractProcessorLight.java:66)
	at org.apache.coyote.AbstractProtocol$ConnectionHandler.process(AbstractProtocol.java:770)
	at org.apache.tomcat.util.net.NioEndpoint$SocketProcessor.doRun(NioEndpoint.java:1415)
	at org.apache.tomcat.util.net.SocketProcessorBase.run(SocketProcessorBase.java:49)
	at java.util.concurrent.ThreadPoolExecutor.runWorker(ThreadPoolExecutor.java:1149)
	at java.util.concurrent.ThreadPoolExecutor$Worker.run(ThreadPoolExecutor.java:624)
	at org.apache.tomcat.util.threads.TaskThread$WrappingRunnable.run(TaskThread.java:61)
	at java.lang.Thread.run(Thread.java:748)
Caused by: org.apache.ibatis.exceptions.TooManyResultsException: Expected one result (or null) to be returned by selectOne(), but found: 2
	at org.apache.ibatis.session.defaults.DefaultSqlSession.selectOne(DefaultSqlSession.java:81)
	at sun.reflect.NativeMethodAccessorImpl.invoke0(Native Method)
	at sun.reflect.NativeMethodAccessorImpl.invoke(NativeMethodAccessorImpl.java:62)
	at sun.reflect.DelegatingMethodAccessorImpl.invoke(DelegatingMethodAccessorImpl.java:43)
	at java.lang.reflect.Method.invoke(Method.java:498)
	at org.mybatis.spring.SqlSessionTemplate$SqlSessionInterceptor.invoke(SqlSessionTemplate.java:433)
	... 78 more

2018-12-20 11:36:29.906 [http-nio-8080-exec-10] ERROR c.t.c.e.BusinessmanExceptionHandler -BusinessmanExceptionHandler, catch exception:nested exception is org.apache.ibatis.exceptions.TooManyResultsException: Expected one result (or null) to be returned by selectOne(), but found: 2; detail info:org.mybatis.spring.MyBatisSystemException: nested exception is org.apache.ibatis.exceptions.TooManyResultsException: Expected one result (or null) to be returned by selectOne(), but found: 2
	at org.mybatis.spring.MyBatisExceptionTranslator.translateExceptionIfPossible(MyBatisExceptionTranslator.java:77)
	at org.mybatis.spring.SqlSessionTemplate$SqlSessionInterceptor.invoke(SqlSessionTemplate.java:446)
	at com.sun.proxy.$Proxy111.selectOne(Unknown Source)
	at org.mybatis.spring.SqlSessionTemplate.selectOne(SqlSessionTemplate.java:166)
	at org.apache.ibatis.binding.MapperMethod.execute(MapperMethod.java:83)
	at org.apache.ibatis.binding.MapperProxy.invoke(MapperProxy.java:59)
	at com.sun.proxy.$Proxy117.selectByBusinessmanId(Unknown Source)
	at cn.tgw.businessman.service.serviceImpl.BusinessmanServiceImpl.checkSettled(BusinessmanServiceImpl.java:263)
	at cn.tgw.businessman.service.serviceImpl.BusinessmanServiceImpl$$FastClassBySpringCGLIB$$6492cf0e.invoke(<generated>)
	at org.springframework.cglib.proxy.MethodProxy.invoke(MethodProxy.java:218)
	at org.springframework.aop.framework.CglibAopProxy$DynamicAdvisedInterceptor.intercept(CglibAopProxy.java:684)
	at cn.tgw.businessman.service.serviceImpl.BusinessmanServiceImpl$$EnhancerBySpringCGLIB$$7b2569a9.checkSettled(<generated>)
	at cn.tgw.businessman.controller.BusinessmanController.login(BusinessmanController.java:85)
	at sun.reflect.NativeMethodAccessorImpl.invoke0(Native Method)
	at sun.reflect.NativeMethodAccessorImpl.invoke(NativeMethodAccessorImpl.java:62)
	at sun.reflect.DelegatingMethodAccessorImpl.invoke(DelegatingMethodAccessorImpl.java:43)
	at java.lang.reflect.Method.invoke(Method.java:498)
	at org.springframework.web.method.support.InvocableHandlerMethod.doInvoke(InvocableHandlerMethod.java:215)
	at org.springframework.web.method.support.InvocableHandlerMethod.invokeForRequest(InvocableHandlerMethod.java:142)
	at org.springframework.web.servlet.mvc.method.annotation.ServletInvocableHandlerMethod.invokeAndHandle(ServletInvocableHandlerMethod.java:102)
	at org.springframework.web.servlet.mvc.method.annotation.RequestMappingHandlerAdapter.invokeHandlerMethod(RequestMappingHandlerAdapter.java:895)
	at org.springframework.web.servlet.mvc.method.annotation.RequestMappingHandlerAdapter.handleInternal(RequestMappingHandlerAdapter.java:800)
	at org.springframework.web.servlet.mvc.method.AbstractHandlerMethodAdapter.handle(AbstractHandlerMethodAdapter.java:87)
	at org.springframework.web.servlet.DispatcherServlet.doDispatch(DispatcherServlet.java:1038)
	at org.springframework.web.servlet.DispatcherServlet.doService(DispatcherServlet.java:942)
	at org.springframework.web.servlet.FrameworkServlet.processRequest(FrameworkServlet.java:998)
	at org.springframework.web.servlet.FrameworkServlet.doPost(FrameworkServlet.java:901)
	at javax.servlet.http.HttpServlet.service(HttpServlet.java:660)
	at org.springframework.web.servlet.FrameworkServlet.service(FrameworkServlet.java:875)
	at javax.servlet.http.HttpServlet.service(HttpServlet.java:741)
	at org.apache.catalina.core.ApplicationFilterChain.internalDoFilter(ApplicationFilterChain.java:231)
	at org.apache.catalina.core.ApplicationFilterChain.doFilter(ApplicationFilterChain.java:166)
	at org.apache.tomcat.websocket.server.WsFilter.doFilter(WsFilter.java:53)
	at org.apache.catalina.core.ApplicationFilterChain.internalDoFilter(ApplicationFilterChain.java:193)
	at org.apache.catalina.core.ApplicationFilterChain.doFilter(ApplicationFilterChain.java:166)
	at com.alibaba.druid.support.http.WebStatFilter.doFilter(WebStatFilter.java:123)
	at org.apache.catalina.core.ApplicationFilterChain.internalDoFilter(ApplicationFilterChain.java:193)
	at org.apache.catalina.core.ApplicationFilterChain.doFilter(ApplicationFilterChain.java:166)
	at org.springframework.boot.actuate.web.trace.servlet.HttpTraceFilter.doFilterInternal(HttpTraceFilter.java:90)
	at org.springframework.web.filter.OncePerRequestFilter.doFilter(OncePerRequestFilter.java:107)
	at org.apache.catalina.core.ApplicationFilterChain.internalDoFilter(ApplicationFilterChain.java:193)
	at org.apache.catalina.core.ApplicationFilterChain.doFilter(ApplicationFilterChain.java:166)
	at org.springframework.web.filter.RequestContextFilter.doFilterInternal(RequestContextFilter.java:99)
	at org.springframework.web.filter.OncePerRequestFilter.doFilter(OncePerRequestFilter.java:107)
	at org.apache.catalina.core.ApplicationFilterChain.internalDoFilter(ApplicationFilterChain.java:193)
	at org.apache.catalina.core.ApplicationFilterChain.doFilter(ApplicationFilterChain.java:166)
	at org.springframework.web.filter.FormContentFilter.doFilterInternal(FormContentFilter.java:92)
	at org.springframework.web.filter.OncePerRequestFilter.doFilter(OncePerRequestFilter.java:107)
	at org.apache.catalina.core.ApplicationFilterChain.internalDoFilter(ApplicationFilterChain.java:193)
	at org.apache.catalina.core.ApplicationFilterChain.doFilter(ApplicationFilterChain.java:166)
	at org.springframework.web.filter.HiddenHttpMethodFilter.doFilterInternal(HiddenHttpMethodFilter.java:93)
	at org.springframework.web.filter.OncePerRequestFilter.doFilter(OncePerRequestFilter.java:107)
	at org.apache.catalina.core.ApplicationFilterChain.internalDoFilter(ApplicationFilterChain.java:193)
	at org.apache.catalina.core.ApplicationFilterChain.doFilter(ApplicationFilterChain.java:166)
	at org.springframework.boot.actuate.metrics.web.servlet.WebMvcMetricsFilter.filterAndRecordMetrics(WebMvcMetricsFilter.java:154)
	at org.springframework.boot.actuate.metrics.web.servlet.WebMvcMetricsFilter.filterAndRecordMetrics(WebMvcMetricsFilter.java:122)
	at org.springframework.boot.actuate.metrics.web.servlet.WebMvcMetricsFilter.doFilterInternal(WebMvcMetricsFilter.java:107)
	at org.springframework.web.filter.OncePerRequestFilter.doFilter(OncePerRequestFilter.java:107)
	at org.apache.catalina.core.ApplicationFilterChain.internalDoFilter(ApplicationFilterChain.java:193)
	at org.apache.catalina.core.ApplicationFilterChain.doFilter(ApplicationFilterChain.java:166)
	at org.springframework.web.filter.CharacterEncodingFilter.doFilterInternal(CharacterEncodingFilter.java:200)
	at org.springframework.web.filter.OncePerRequestFilter.doFilter(OncePerRequestFilter.java:107)
	at org.apache.catalina.core.ApplicationFilterChain.internalDoFilter(ApplicationFilterChain.java:193)
	at org.apache.catalina.core.ApplicationFilterChain.doFilter(ApplicationFilterChain.java:166)
	at org.apache.catalina.core.StandardWrapperValve.invoke(StandardWrapperValve.java:199)
	at org.apache.catalina.core.StandardContextValve.invoke(StandardContextValve.java:96)
	at org.apache.catalina.authenticator.AuthenticatorBase.invoke(AuthenticatorBase.java:490)
	at org.apache.catalina.core.StandardHostValve.invoke(StandardHostValve.java:139)
	at org.apache.catalina.valves.ErrorReportValve.invoke(ErrorReportValve.java:92)
	at org.apache.catalina.core.StandardEngineValve.invoke(StandardEngineValve.java:74)
	at org.apache.catalina.connector.CoyoteAdapter.service(CoyoteAdapter.java:343)
	at org.apache.coyote.http11.Http11Processor.service(Http11Processor.java:408)
	at org.apache.coyote.AbstractProcessorLight.process(AbstractProcessorLight.java:66)
	at org.apache.coyote.AbstractProtocol$ConnectionHandler.process(AbstractProtocol.java:770)
	at org.apache.tomcat.util.net.NioEndpoint$SocketProcessor.doRun(NioEndpoint.java:1415)
	at org.apache.tomcat.util.net.SocketProcessorBase.run(SocketProcessorBase.java:49)
	at java.util.concurrent.ThreadPoolExecutor.runWorker(ThreadPoolExecutor.java:1149)
	at java.util.concurrent.ThreadPoolExecutor$Worker.run(ThreadPoolExecutor.java:624)
	at org.apache.tomcat.util.threads.TaskThread$WrappingRunnable.run(TaskThread.java:61)
	at java.lang.Thread.run(Thread.java:748)
Caused by: org.apache.ibatis.exceptions.TooManyResultsException: Expected one result (or null) to be returned by selectOne(), but found: 2
	at org.apache.ibatis.session.defaults.DefaultSqlSession.selectOne(DefaultSqlSession.java:81)
	at sun.reflect.NativeMethodAccessorImpl.invoke0(Native Method)
	at sun.reflect.NativeMethodAccessorImpl.invoke(NativeMethodAccessorImpl.java:62)
	at sun.reflect.DelegatingMethodAccessorImpl.invoke(DelegatingMethodAccessorImpl.java:43)
	at java.lang.reflect.Method.invoke(Method.java:498)
	at org.mybatis.spring.SqlSessionTemplate$SqlSessionInterceptor.invoke(SqlSessionTemplate.java:433)
	... 78 more

2018-12-20 11:36:29.907 [http-nio-8080-exec-10] WARN  o.s.w.s.m.m.a.ExceptionHandlerExceptionResolver -Resolved [org.mybatis.spring.MyBatisSystemException: nested exception is org.apache.ibatis.exceptions.TooManyResultsException: Expected one result (or null) to be returned by selectOne(), but found: 2]
